{"uid":"162851cda6ab8b5","name":"test_004_End_To_End_Flow","fullName":"test_004_End_To_End_Flow.Test_Login#test_004_End_To_End_Flow","historyId":"6a28d604c169e296e0f83892ec95e374","time":{"start":1767621965521,"stop":1767622022455,"duration":56934},"status":"failed","statusMessage":"AssertionError: assert False","statusTrace":"self = <testCases.test_004_End_To_End_Flow.Test_Login object at 0x000001E20524B610>, setUp = <selenium.webdriver.support.event_firing_webdriver.EventFiringWebDriver object at 0x000001E205B4F010>\n\n    @pytest.mark.regression\n    @pytest.mark.sanity\n    def test_004_End_To_End_Flow(self,setUp):\n        self.driver = setUp\n        self.driver.get(self.baseURL)\n        self.driver.maximize_window()\n        self.driver.implicitly_wait(10)\n        self.hp = HomePage(self.driver)\n        self.hp.clickMyAccount()\n        self.hp.clickRegister()\n        self.repage = AccountRegistrationPage(self.driver)\n        self.repage.setFirstName(\"John\")\n        time.sleep(5)\n        self.repage.setLastName(\"Canedy\")\n        email = self.email+\"@gmail.com\"\n        self.repage.setEmail(email)\n        self.repage.setTelephone(\"656667777\")\n        self.repage.setPassword(\"ReadConfig.get('password')\")\n        time.sleep(5)\n        self.repage.setConfirmPassword(\"ReadConfig.get('password')\")\n        time.sleep(2)\n        self.repage.setPrivacyPolicy()\n        self.repage.clickContinue()\n        time.sleep(2)\n        self.confmsg  = self.repage.getconfirmationmsg()\n        print(self.confmsg)\n        time.sleep(2)\n        print(\"-----------------------------------------------------------------------------------------------------------------\")\n        if self.confmsg   == \"Your Account Has Been Created!\":\n            assert   True\n        else:\n            assert   False\n        time.sleep(10)\n        #self.hp.clickMyAccount()\n        self.ma = MyAccountPage(self.driver)\n    \n        self.ma.clickLogout()\n        self.lop = LogoutPage(self.driver)\n        self.lop.clickContinue()\n    \n        assert self.hp.isHomePageExists(), \"Logout failed or did not return to home page\"\n    \n    \n        self.driver.get(self.baseURL)\n        self.driver.maximize_window()\n        self.driver.implicitly_wait(10)\n        self.hp.clickMyAccount()\n        self.hp.clickLogin()\n        self.lp = LoginPage(self.driver)\n        self.lp.setEmail(email)\n        self.lp.setPassword(self.password)\n        self.lp.clickLogin()\n        time.sleep(15)\n        self.targetElement = self.lp.isMyAccountPageExists()\n        if self.targetElement == True:\n            assert True\n        else:\n>           assert False\nE           assert False\n\ntest_004_End_To_End_Flow.py:74: AssertionError","flaky":false,"newFailed":false,"newBroken":false,"newPassed":false,"retriesCount":0,"retriesStatusChange":false,"beforeStages":[{"name":"_session_faker","time":{"start":1767621964202,"stop":1767621964203,"duration":1},"status":"passed","steps":[],"attachments":[],"parameters":[],"shouldDisplayMessage":false,"attachmentsCount":0,"attachmentStep":false,"stepsCount":0,"hasContent":false},{"name":"log_test_start_end","time":{"start":1767621964203,"stop":1767621964203,"duration":0},"status":"passed","steps":[],"attachments":[],"parameters":[],"shouldDisplayMessage":false,"attachmentsCount":0,"attachmentStep":false,"stepsCount":0,"hasContent":false},{"name":"setUp","time":{"start":1767621964203,"stop":1767621965520,"duration":1317},"status":"passed","steps":[],"attachments":[],"parameters":[],"shouldDisplayMessage":false,"attachmentsCount":0,"attachmentStep":false,"stepsCount":0,"hasContent":false}],"testStage":{"status":"failed","statusMessage":"AssertionError: assert False","statusTrace":"self = <testCases.test_004_End_To_End_Flow.Test_Login object at 0x000001E20524B610>, setUp = <selenium.webdriver.support.event_firing_webdriver.EventFiringWebDriver object at 0x000001E205B4F010>\n\n    @pytest.mark.regression\n    @pytest.mark.sanity\n    def test_004_End_To_End_Flow(self,setUp):\n        self.driver = setUp\n        self.driver.get(self.baseURL)\n        self.driver.maximize_window()\n        self.driver.implicitly_wait(10)\n        self.hp = HomePage(self.driver)\n        self.hp.clickMyAccount()\n        self.hp.clickRegister()\n        self.repage = AccountRegistrationPage(self.driver)\n        self.repage.setFirstName(\"John\")\n        time.sleep(5)\n        self.repage.setLastName(\"Canedy\")\n        email = self.email+\"@gmail.com\"\n        self.repage.setEmail(email)\n        self.repage.setTelephone(\"656667777\")\n        self.repage.setPassword(\"ReadConfig.get('password')\")\n        time.sleep(5)\n        self.repage.setConfirmPassword(\"ReadConfig.get('password')\")\n        time.sleep(2)\n        self.repage.setPrivacyPolicy()\n        self.repage.clickContinue()\n        time.sleep(2)\n        self.confmsg  = self.repage.getconfirmationmsg()\n        print(self.confmsg)\n        time.sleep(2)\n        print(\"-----------------------------------------------------------------------------------------------------------------\")\n        if self.confmsg   == \"Your Account Has Been Created!\":\n            assert   True\n        else:\n            assert   False\n        time.sleep(10)\n        #self.hp.clickMyAccount()\n        self.ma = MyAccountPage(self.driver)\n    \n        self.ma.clickLogout()\n        self.lop = LogoutPage(self.driver)\n        self.lop.clickContinue()\n    \n        assert self.hp.isHomePageExists(), \"Logout failed or did not return to home page\"\n    \n    \n        self.driver.get(self.baseURL)\n        self.driver.maximize_window()\n        self.driver.implicitly_wait(10)\n        self.hp.clickMyAccount()\n        self.hp.clickLogin()\n        self.lp = LoginPage(self.driver)\n        self.lp.setEmail(email)\n        self.lp.setPassword(self.password)\n        self.lp.clickLogin()\n        time.sleep(15)\n        self.targetElement = self.lp.isMyAccountPageExists()\n        if self.targetElement == True:\n            assert True\n        else:\n>           assert False\nE           assert False\n\ntest_004_End_To_End_Flow.py:74: AssertionError","steps":[],"attachments":[{"uid":"cbac7b65ffce131","name":"test_004_End_To_End_Flow","source":"cbac7b65ffce131.png","type":"image/png","size":86096},{"uid":"2451798dc5018d16","name":"log","source":"2451798dc5018d16.txt","type":"text/plain","size":72034}],"parameters":[],"shouldDisplayMessage":true,"attachmentsCount":2,"attachmentStep":false,"stepsCount":0,"hasContent":true},"afterStages":[{"name":"setUp::0","time":{"start":1767622022837,"stop":1767622025213,"duration":2376},"status":"passed","steps":[],"attachments":[],"parameters":[],"shouldDisplayMessage":false,"attachmentsCount":0,"attachmentStep":false,"stepsCount":0,"hasContent":false},{"name":"log_test_start_end::0","time":{"start":1767622025214,"stop":1767622025215,"duration":1},"status":"passed","steps":[],"attachments":[],"parameters":[],"shouldDisplayMessage":false,"attachmentsCount":0,"attachmentStep":false,"stepsCount":0,"hasContent":false}],"labels":[{"name":"tag","value":"sanity"},{"name":"tag","value":"regression"},{"name":"suite","value":"test_004_End_To_End_Flow"},{"name":"subSuite","value":"Test_Login"},{"name":"host","value":"LAPTOP-OK4R6O5L"},{"name":"thread","value":"36496-MainThread"},{"name":"framework","value":"pytest"},{"name":"language","value":"cpython3"},{"name":"package","value":"test_004_End_To_End_Flow"},{"name":"resultFormat","value":"allure2"}],"parameters":[],"links":[],"hidden":true,"retry":true,"extra":{"categories":[],"tags":["regression","sanity"]},"source":"162851cda6ab8b5.json","parameterValues":[]}