{"uid":"173760f9f17ac5db","name":"test_004_End_To_End_Flow","fullName":"test_004_End_To_End_Flow.Test_Login#test_004_End_To_End_Flow","historyId":"6a28d604c169e296e0f83892ec95e374","time":{"start":1767621464306,"stop":1767621485514,"duration":21208},"status":"failed","statusMessage":"AssertionError: Logout failed or did not return to home page\nassert False\n +  where False = isHomePageExists()\n +    where isHomePageExists = <pageObjects.HomePage.HomePage object at 0x00000240261E5A90>.isHomePageExists\n +      where <pageObjects.HomePage.HomePage object at 0x00000240261E5A90> = <testCases.test_004_End_To_End_Flow.Test_Login object at 0x00000240261B9010>.hp","statusTrace":"self = <testCases.test_004_End_To_End_Flow.Test_Login object at 0x00000240261B9010>, setUp = <selenium.webdriver.support.event_firing_webdriver.EventFiringWebDriver object at 0x0000024023587690>\n\n    @pytest.mark.regression\n    @pytest.mark.sanity\n    def test_004_End_To_End_Flow(self,setUp):\n        self.driver = setUp\n        self.driver.get(self.baseURL)\n        self.driver.maximize_window()\n        self.driver.implicitly_wait(10)\n        self.hp = HomePage(self.driver)\n        self.hp.clickMyAccount()\n        self.hp.clickRegister()\n        self.repage = AccountRegistrationPage(self.driver)\n        self.repage.setFirstName(\"John\")\n        time.sleep(5)\n        self.repage.setLastName(\"Canedy\")\n        self.repage.setEmail(self.email+\"@gmail.com\")\n        self.repage.setTelephone(\"656667777\")\n        self.repage.setPassword(\"ReadConfig.get('password')\")\n        time.sleep(5)\n        self.repage.setConfirmPassword(\"ReadConfig.get('password')\")\n        time.sleep(2)\n        self.repage.setPrivacyPolicy()\n        self.repage.clickContinue()\n        time.sleep(2)\n        self.confmsg  = self.repage.getconfirmationmsg()\n        print(self.confmsg)\n        time.sleep(2)\n        print(\"-----------------------------------------------------------------------------------------------------------------\")\n        if self.confmsg   == \"Your Account Has Been Created!\":\n            assert   True\n        else:\n            assert   False\n    \n        #self.hp.clickMyAccount()\n        self.ma = MyAccountPage(self.driver)\n    \n        self.ma.clickLogout()\n        self.lop = LogoutPage(self.driver)\n        self.lop.clickContinue()\n    \n>       assert self.hp.isHomePageExists(), \"Logout failed or did not return to home page\"\nE       AssertionError: Logout failed or did not return to home page\nE       assert False\nE        +  where False = isHomePageExists()\nE        +    where isHomePageExists = <pageObjects.HomePage.HomePage object at 0x00000240261E5A90>.isHomePageExists\nE        +      where <pageObjects.HomePage.HomePage object at 0x00000240261E5A90> = <testCases.test_004_End_To_End_Flow.Test_Login object at 0x00000240261B9010>.hp\n\ntest_004_End_To_End_Flow.py:56: AssertionError","flaky":false,"newFailed":false,"newBroken":false,"newPassed":false,"retriesCount":0,"retriesStatusChange":false,"beforeStages":[{"name":"_session_faker","time":{"start":1767621462902,"stop":1767621462903,"duration":1},"status":"passed","steps":[],"attachments":[],"parameters":[],"shouldDisplayMessage":false,"attachmentsCount":0,"attachmentStep":false,"stepsCount":0,"hasContent":false},{"name":"setUp","time":{"start":1767621462903,"stop":1767621464305,"duration":1402},"status":"passed","steps":[],"attachments":[],"parameters":[],"shouldDisplayMessage":false,"attachmentsCount":0,"attachmentStep":false,"stepsCount":0,"hasContent":false},{"name":"log_test_start_end","time":{"start":1767621462903,"stop":1767621462903,"duration":0},"status":"passed","steps":[],"attachments":[],"parameters":[],"shouldDisplayMessage":false,"attachmentsCount":0,"attachmentStep":false,"stepsCount":0,"hasContent":false}],"testStage":{"status":"failed","statusMessage":"AssertionError: Logout failed or did not return to home page\nassert False\n +  where False = isHomePageExists()\n +    where isHomePageExists = <pageObjects.HomePage.HomePage object at 0x00000240261E5A90>.isHomePageExists\n +      where <pageObjects.HomePage.HomePage object at 0x00000240261E5A90> = <testCases.test_004_End_To_End_Flow.Test_Login object at 0x00000240261B9010>.hp","statusTrace":"self = <testCases.test_004_End_To_End_Flow.Test_Login object at 0x00000240261B9010>, setUp = <selenium.webdriver.support.event_firing_webdriver.EventFiringWebDriver object at 0x0000024023587690>\n\n    @pytest.mark.regression\n    @pytest.mark.sanity\n    def test_004_End_To_End_Flow(self,setUp):\n        self.driver = setUp\n        self.driver.get(self.baseURL)\n        self.driver.maximize_window()\n        self.driver.implicitly_wait(10)\n        self.hp = HomePage(self.driver)\n        self.hp.clickMyAccount()\n        self.hp.clickRegister()\n        self.repage = AccountRegistrationPage(self.driver)\n        self.repage.setFirstName(\"John\")\n        time.sleep(5)\n        self.repage.setLastName(\"Canedy\")\n        self.repage.setEmail(self.email+\"@gmail.com\")\n        self.repage.setTelephone(\"656667777\")\n        self.repage.setPassword(\"ReadConfig.get('password')\")\n        time.sleep(5)\n        self.repage.setConfirmPassword(\"ReadConfig.get('password')\")\n        time.sleep(2)\n        self.repage.setPrivacyPolicy()\n        self.repage.clickContinue()\n        time.sleep(2)\n        self.confmsg  = self.repage.getconfirmationmsg()\n        print(self.confmsg)\n        time.sleep(2)\n        print(\"-----------------------------------------------------------------------------------------------------------------\")\n        if self.confmsg   == \"Your Account Has Been Created!\":\n            assert   True\n        else:\n            assert   False\n    \n        #self.hp.clickMyAccount()\n        self.ma = MyAccountPage(self.driver)\n    \n        self.ma.clickLogout()\n        self.lop = LogoutPage(self.driver)\n        self.lop.clickContinue()\n    \n>       assert self.hp.isHomePageExists(), \"Logout failed or did not return to home page\"\nE       AssertionError: Logout failed or did not return to home page\nE       assert False\nE        +  where False = isHomePageExists()\nE        +    where isHomePageExists = <pageObjects.HomePage.HomePage object at 0x00000240261E5A90>.isHomePageExists\nE        +      where <pageObjects.HomePage.HomePage object at 0x00000240261E5A90> = <testCases.test_004_End_To_End_Flow.Test_Login object at 0x00000240261B9010>.hp\n\ntest_004_End_To_End_Flow.py:56: AssertionError","steps":[],"attachments":[{"uid":"ead703f5ab4aaf77","name":"test_004_End_To_End_Flow","source":"ead703f5ab4aaf77.png","type":"image/png","size":87970},{"uid":"6107dc5e1871cc35","name":"log","source":"6107dc5e1871cc35.txt","type":"text/plain","size":50456}],"parameters":[],"shouldDisplayMessage":true,"attachmentsCount":2,"attachmentStep":false,"stepsCount":0,"hasContent":true},"afterStages":[{"name":"setUp::0","time":{"start":1767621485832,"stop":1767621488229,"duration":2397},"status":"passed","steps":[],"attachments":[],"parameters":[],"shouldDisplayMessage":false,"attachmentsCount":0,"attachmentStep":false,"stepsCount":0,"hasContent":false},{"name":"log_test_start_end::0","time":{"start":1767621488230,"stop":1767621488231,"duration":1},"status":"passed","steps":[],"attachments":[],"parameters":[],"shouldDisplayMessage":false,"attachmentsCount":0,"attachmentStep":false,"stepsCount":0,"hasContent":false}],"labels":[{"name":"tag","value":"sanity"},{"name":"tag","value":"regression"},{"name":"suite","value":"test_004_End_To_End_Flow"},{"name":"subSuite","value":"Test_Login"},{"name":"host","value":"LAPTOP-OK4R6O5L"},{"name":"thread","value":"41416-MainThread"},{"name":"framework","value":"pytest"},{"name":"language","value":"cpython3"},{"name":"package","value":"test_004_End_To_End_Flow"},{"name":"resultFormat","value":"allure2"}],"parameters":[],"links":[],"hidden":true,"retry":true,"extra":{"categories":[],"tags":["regression","sanity"]},"source":"173760f9f17ac5db.json","parameterValues":[]}