{"uid":"39393266713987f3","name":"test_004_End_To_End_Flow","fullName":"test_004_End_To_End_Flow.Test_Login#test_004_End_To_End_Flow","time":{"start":1767621829594,"stop":1767621883145,"duration":53551},"status":"failed","statusMessage":"AssertionError: assert False","statusTrace":"self = <testCases.test_004_End_To_End_Flow.Test_Login object at 0x000002363896F190>, setUp = <selenium.webdriver.support.event_firing_webdriver.EventFiringWebDriver object at 0x0000023639214050>\n\n    @pytest.mark.regression\n    @pytest.mark.sanity\n    def test_004_End_To_End_Flow(self,setUp):\n        self.driver = setUp\n        self.driver.get(self.baseURL)\n        self.driver.maximize_window()\n        self.driver.implicitly_wait(10)\n        self.hp = HomePage(self.driver)\n        self.hp.clickMyAccount()\n        self.hp.clickRegister()\n        self.repage = AccountRegistrationPage(self.driver)\n        self.repage.setFirstName(\"John\")\n        time.sleep(5)\n        self.repage.setLastName(\"Canedy\")\n        self.repage.setEmail(self.email+\"@gmail.com\")\n        self.repage.setTelephone(\"656667777\")\n        self.repage.setPassword(\"ReadConfig.get('password')\")\n        time.sleep(5)\n        self.repage.setConfirmPassword(\"ReadConfig.get('password')\")\n        time.sleep(2)\n        self.repage.setPrivacyPolicy()\n        self.repage.clickContinue()\n        time.sleep(2)\n        self.confmsg  = self.repage.getconfirmationmsg()\n        print(self.confmsg)\n        time.sleep(2)\n        print(\"-----------------------------------------------------------------------------------------------------------------\")\n        if self.confmsg   == \"Your Account Has Been Created!\":\n            assert   True\n        else:\n            assert   False\n        time.sleep(10)\n        #self.hp.clickMyAccount()\n        self.ma = MyAccountPage(self.driver)\n    \n        self.ma.clickLogout()\n        self.lop = LogoutPage(self.driver)\n        self.lop.clickContinue()\n    \n        assert self.hp.isHomePageExists(), \"Logout failed or did not return to home page\"\n    \n    \n        self.driver.get(self.baseURL)\n        self.driver.maximize_window()\n        self.driver.implicitly_wait(10)\n        self.hp.clickMyAccount()\n        self.hp.clickLogin()\n        self.lp = LoginPage(self.driver)\n        self.lp.setEmail(self.user)\n        self.lp.setPassword(self.password)\n        self.lp.clickLogin()\n        time.sleep(20)\n        self.targetElement = self.lp.isMyAccountPageExists()\n        if self.targetElement == True:\n            assert True\n        else:\n>           assert False\nE           assert False\n\ntest_004_End_To_End_Flow.py:73: AssertionError","flaky":false,"newFailed":false,"newBroken":false,"newPassed":false,"retriesCount":0,"retriesStatusChange":false,"beforeStages":[{"name":"_session_faker","time":{"start":1767621827916,"stop":1767621827918,"duration":2},"status":"passed","steps":[],"attachments":[],"parameters":[],"shouldDisplayMessage":false,"attachmentsCount":0,"attachmentStep":false,"stepsCount":0,"hasContent":false},{"name":"log_test_start_end","time":{"start":1767621827918,"stop":1767621827919,"duration":1},"status":"passed","steps":[],"attachments":[],"parameters":[],"shouldDisplayMessage":false,"attachmentsCount":0,"attachmentStep":false,"stepsCount":0,"hasContent":false},{"name":"setUp","time":{"start":1767621827919,"stop":1767621829593,"duration":1674},"status":"passed","steps":[],"attachments":[],"parameters":[],"shouldDisplayMessage":false,"attachmentsCount":0,"attachmentStep":false,"stepsCount":0,"hasContent":false}],"afterStages":[{"name":"setUp::0","time":{"start":1767621883306,"stop":1767621885325,"duration":2019},"status":"passed","steps":[],"attachments":[],"parameters":[],"shouldDisplayMessage":false,"attachmentsCount":0,"attachmentStep":false,"stepsCount":0,"hasContent":false},{"name":"log_test_start_end::0","time":{"start":1767621885326,"stop":1767621885326,"duration":0},"status":"passed","steps":[],"attachments":[],"parameters":[],"shouldDisplayMessage":false,"attachmentsCount":0,"attachmentStep":false,"stepsCount":0,"hasContent":false}],"labels":[{"name":"resultFormat","value":"allure2"}],"parameters":[],"links":[],"hidden":false,"retry":false,"extra":{"severity":"normal","categories":[{"name":"Product defects","matchedStatuses":[]}],"tags":[]},"source":"39393266713987f3.json","parameterValues":[]}