{"uid":"40926b5b0b999980","name":"test_004_End_To_End_Flow","fullName":"test_004_End_To_End_Flow.Test_Login#test_004_End_To_End_Flow","historyId":"6a28d604c169e296e0f83892ec95e374","time":{"start":1767617888186,"stop":1767617918266,"duration":30080},"status":"broken","statusMessage":"selenium.common.exceptions.NoSuchElementException: Message: no such element: Unable to locate element: {\"method\":\"link text\",\"selector\":\"Login\"}\n  (Session info: chrome=143.0.7499.170); For documentation on this error, please visit: https://www.selenium.dev/documentation/webdriver/troubleshooting/errors#nosuchelementexception\nStacktrace:\nSymbols not available. Dumping unresolved backtrace:\n\t0x7ff62d0288e5\n\t0x7ff62d028940\n\t0x7ff62ce0165d\n\t0x7ff62ce59a33\n\t0x7ff62ce59d3c\n\t0x7ff62ceadf67\n\t0x7ff62ceaac97\n\t0x7ff62ce4ac29\n\t0x7ff62ce4ba93\n\t0x7ff62d340640\n\t0x7ff62d33af80\n\t0x7ff62d3596e6\n\t0x7ff62d045de4\n\t0x7ff62d04ed8c\n\t0x7ff62d032004\n\t0x7ff62d0321b5\n\t0x7ff62d017ee2\n\t0x7ff9dcd6e8d7\n\t0x7ff9deb2c53c","statusTrace":"self = <testCases.test_004_End_To_End_Flow.Test_Login object at 0x00000201D4A74BD0>, setUp = <selenium.webdriver.support.event_firing_webdriver.EventFiringWebDriver object at 0x00000201D49894D0>\n\n    @pytest.mark.regression\n    @pytest.mark.sanity\n    def test_004_End_To_End_Flow(self,setUp):\n        self.driver = setUp\n        self.driver.get(self.baseURL)\n        self.driver.maximize_window()\n        self.driver.implicitly_wait(10)\n        self.hp = HomePage(self.driver)\n        self.hp.clickMyAccount()\n        self.hp.clickRegister()\n        self.repage = AccountRegistrationPage(self.driver)\n        self.repage.setFirstName(\"John\")\n        time.sleep(5)\n        self.repage.setLastName(\"Canedy\")\n        self.repage.setEmail(self.email+\"@gmail.com\")\n        self.repage.setTelephone(\"656667777\")\n        self.repage.setPassword(\"ReadConfig.get('password')\")\n        time.sleep(5)\n        self.repage.setConfirmPassword(\"ReadConfig.get('password')\")\n        time.sleep(2)\n        self.repage.setPrivacyPolicy()\n        self.repage.clickContinue()\n        time.sleep(2)\n        self.confmsg  = self.repage.getconfirmationmsg()\n        print(self.confmsg)\n        time.sleep(2)\n        print(\"-----------------------------------------------------------------------------------------------------------------\")\n        if self.confmsg   == \"Your Account Has Been Created!\":\n            assert   True\n        else:\n            assert   False\n        self.driver.get(self.baseURL)\n        self.driver.maximize_window()\n        self.driver.implicitly_wait(10)\n        self.hp = HomePage(self.driver)\n        self.hp.clickMyAccount()\n>       self.hp.clickLogin()\n\ntest_004_End_To_End_Flow.py:51: \n_ _ _ _ _ _ _ _ _ _ _ _ _ _ _ _ _ _ _ _ _ _ _ _ _ _ _ _ _ _ _ _ _ _ _ _ _ _ _ _ _ _ _ _ _ _ _ _ _ _ _ _ _ _ _ _ _ _ _ _ _ _ _ _ _ _ _ _ _ _ _ _ _ _ _ _ _ _ _ _ _ _ _ _ _ _ _ _ _ _ _ _ _ _ _ _ _ _ _ _ _ _ _ _ _ _ _ _ _ _ _ _ _ _ _ _ _ _ _ _ _ _ _ _ _ _ _ _\n..\\pageObjects\\HomePage.py:18: in clickLogin\n    self.driver.find_element(By.LINK_TEXT,self.lnk_login_linktext).click()\n    ^^^^^^^^^^^^^^^^^^^^^^^^^^^^^^^^^^^^^^^^^^^^^^^^^^^^^^^^^^^^^^\n..\\virtualenv\\Lib\\site-packages\\selenium\\webdriver\\support\\event_firing_webdriver.py:107: in find_element\n    return self._dispatch(\"find\", (by, value, self._driver), \"find_element\", (by, value))\n           ^^^^^^^^^^^^^^^^^^^^^^^^^^^^^^^^^^^^^^^^^^^^^^^^^^^^^^^^^^^^^^^^^^^^^^^^^^^^^^\n..\\virtualenv\\Lib\\site-packages\\selenium\\webdriver\\support\\event_firing_webdriver.py:115: in _dispatch\n    result = getattr(self._driver, d_call)(*d_args)\n             ^^^^^^^^^^^^^^^^^^^^^^^^^^^^^^^^^^^^^^\n..\\virtualenv\\Lib\\site-packages\\selenium\\webdriver\\remote\\webdriver.py:802: in find_element\n    return self.execute(Command.FIND_ELEMENT, {\"using\": by, \"value\": value})[\"value\"]\n           ^^^^^^^^^^^^^^^^^^^^^^^^^^^^^^^^^^^^^^^^^^^^^^^^^^^^^^^^^^^^^^^^^\n..\\virtualenv\\Lib\\site-packages\\selenium\\webdriver\\remote\\webdriver.py:432: in execute\n    self.error_handler.check_response(response)\n_ _ _ _ _ _ _ _ _ _ _ _ _ _ _ _ _ _ _ _ _ _ _ _ _ _ _ _ _ _ _ _ _ _ _ _ _ _ _ _ _ _ _ _ _ _ _ _ _ _ _ _ _ _ _ _ _ _ _ _ _ _ _ _ _ _ _ _ _ _ _ _ _ _ _ _ _ _ _ _ _ _ _ _ _ _ _ _ _ _ _ _ _ _ _ _ _ _ _ _ _ _ _ _ _ _ _ _ _ _ _ _ _ _ _ _ _ _ _ _ _ _ _ _ _ _ _ _\n\nself = <selenium.webdriver.remote.errorhandler.ErrorHandler object at 0x00000201D4991250>\nresponse = {'status': 404, 'value': '{\"value\":{\"error\":\"no such element\",\"message\":\"no such element: Unable to locate element: {\\...ff62d04ed8c\\\\n\\\\t0x7ff62d032004\\\\n\\\\t0x7ff62d0321b5\\\\n\\\\t0x7ff62d017ee2\\\\n\\\\t0x7ff9dcd6e8d7\\\\n\\\\t0x7ff9deb2c53c\\\\n\"}}'}\n\n    def check_response(self, response: dict[str, Any]) -> None:\n        \"\"\"Check that a JSON response from the WebDriver does not have an error.\n    \n        Args:\n            response: The JSON response from the WebDriver server as a dictionary\n                object.\n    \n        Raises:\n            WebDriverException: If the response contains an error message.\n        \"\"\"\n        status = response.get(\"status\", None)\n        if not status or status == ErrorCode.SUCCESS:\n            return\n        value = None\n        message = response.get(\"message\", \"\")\n        screen: str = response.get(\"screen\", \"\")\n        stacktrace = None\n        if isinstance(status, int):\n            value_json = response.get(\"value\", None)\n            if value_json and isinstance(value_json, str):\n                try:\n                    value = json.loads(value_json)\n                    if isinstance(value, dict):\n                        if len(value) == 1:\n                            value = value[\"value\"]\n                        status = value.get(\"error\", None)\n                        if not status:\n                            status = value.get(\"status\", ErrorCode.UNKNOWN_ERROR)\n                            message = value.get(\"value\") or value.get(\"message\")\n                            if not isinstance(message, str):\n                                value = message\n                                message = message.get(\"message\") if isinstance(message, dict) else None\n                        else:\n                            message = value.get(\"message\", None)\n                except ValueError:\n                    pass\n    \n        exception_class: type[WebDriverException]\n        e = ErrorCode()\n        error_codes = [item for item in dir(e) if not item.startswith(\"__\")]\n        for error_code in error_codes:\n            error_info = getattr(ErrorCode, error_code)\n            if isinstance(error_info, list) and status in error_info:\n                exception_class = getattr(ExceptionMapping, error_code, WebDriverException)\n                break\n        else:\n            exception_class = WebDriverException\n    \n        if not value:\n            value = response[\"value\"]\n        if isinstance(value, str):\n            raise exception_class(value)\n        if message == \"\" and \"message\" in value:\n            message = value[\"message\"]\n    \n        screen = None  # type: ignore[assignment]\n        if \"screen\" in value:\n            screen = value[\"screen\"]\n    \n        stacktrace = None\n        st_value = value.get(\"stackTrace\") or value.get(\"stacktrace\")\n        if st_value:\n            if isinstance(st_value, str):\n                stacktrace = st_value.split(\"\\n\")\n            else:\n                stacktrace = []\n                try:\n                    for frame in st_value:\n                        line = frame.get(\"lineNumber\", \"\")\n                        file = frame.get(\"fileName\", \"<anonymous>\")\n                        if line:\n                            file = f\"{file}:{line}\"\n                        meth = frame.get(\"methodName\", \"<anonymous>\")\n                        if \"className\" in frame:\n                            meth = f\"{frame['className']}.{meth}\"\n                        msg = \"    at %s (%s)\"\n                        msg = msg % (meth, file)\n                        stacktrace.append(msg)\n                except TypeError:\n                    pass\n        if exception_class == UnexpectedAlertPresentException:\n            alert_text = None\n            if \"data\" in value:\n                alert_text = value[\"data\"].get(\"text\")\n            elif \"alert\" in value:\n                alert_text = value[\"alert\"].get(\"text\")\n            raise exception_class(message, screen, stacktrace, alert_text)  # type: ignore[call-arg]  # mypy is not smart enough here\n>       raise exception_class(message, screen, stacktrace)\nE       selenium.common.exceptions.NoSuchElementException: Message: no such element: Unable to locate element: {\"method\":\"link text\",\"selector\":\"Login\"}\nE         (Session info: chrome=143.0.7499.170); For documentation on this error, please visit: https://www.selenium.dev/documentation/webdriver/troubleshooting/errors#nosuchelementexception\nE       Stacktrace:\nE       Symbols not available. Dumping unresolved backtrace:\nE       \t0x7ff62d0288e5\nE       \t0x7ff62d028940\nE       \t0x7ff62ce0165d\nE       \t0x7ff62ce59a33\nE       \t0x7ff62ce59d3c\nE       \t0x7ff62ceadf67\nE       \t0x7ff62ceaac97\nE       \t0x7ff62ce4ac29\nE       \t0x7ff62ce4ba93\nE       \t0x7ff62d340640\nE       \t0x7ff62d33af80\nE       \t0x7ff62d3596e6\nE       \t0x7ff62d045de4\nE       \t0x7ff62d04ed8c\nE       \t0x7ff62d032004\nE       \t0x7ff62d0321b5\nE       \t0x7ff62d017ee2\nE       \t0x7ff9dcd6e8d7\nE       \t0x7ff9deb2c53c\n\n..\\virtualenv\\Lib\\site-packages\\selenium\\webdriver\\remote\\errorhandler.py:232: NoSuchElementException","flaky":false,"newFailed":false,"newBroken":false,"newPassed":false,"retriesCount":0,"retriesStatusChange":false,"beforeStages":[{"name":"_session_faker","time":{"start":1767617886832,"stop":1767617886833,"duration":1},"status":"passed","steps":[],"attachments":[],"parameters":[],"shouldDisplayMessage":false,"attachmentsCount":0,"attachmentStep":false,"stepsCount":0,"hasContent":false},{"name":"setUp","time":{"start":1767617886833,"stop":1767617888185,"duration":1352},"status":"passed","steps":[],"attachments":[],"parameters":[],"shouldDisplayMessage":false,"attachmentsCount":0,"attachmentStep":false,"stepsCount":0,"hasContent":false},{"name":"log_test_start_end","time":{"start":1767617886833,"stop":1767617886833,"duration":0},"status":"passed","steps":[],"attachments":[],"parameters":[],"shouldDisplayMessage":false,"attachmentsCount":0,"attachmentStep":false,"stepsCount":0,"hasContent":false}],"testStage":{"status":"broken","statusMessage":"selenium.common.exceptions.NoSuchElementException: Message: no such element: Unable to locate element: {\"method\":\"link text\",\"selector\":\"Login\"}\n  (Session info: chrome=143.0.7499.170); For documentation on this error, please visit: https://www.selenium.dev/documentation/webdriver/troubleshooting/errors#nosuchelementexception\nStacktrace:\nSymbols not available. Dumping unresolved backtrace:\n\t0x7ff62d0288e5\n\t0x7ff62d028940\n\t0x7ff62ce0165d\n\t0x7ff62ce59a33\n\t0x7ff62ce59d3c\n\t0x7ff62ceadf67\n\t0x7ff62ceaac97\n\t0x7ff62ce4ac29\n\t0x7ff62ce4ba93\n\t0x7ff62d340640\n\t0x7ff62d33af80\n\t0x7ff62d3596e6\n\t0x7ff62d045de4\n\t0x7ff62d04ed8c\n\t0x7ff62d032004\n\t0x7ff62d0321b5\n\t0x7ff62d017ee2\n\t0x7ff9dcd6e8d7\n\t0x7ff9deb2c53c","statusTrace":"self = <testCases.test_004_End_To_End_Flow.Test_Login object at 0x00000201D4A74BD0>, setUp = <selenium.webdriver.support.event_firing_webdriver.EventFiringWebDriver object at 0x00000201D49894D0>\n\n    @pytest.mark.regression\n    @pytest.mark.sanity\n    def test_004_End_To_End_Flow(self,setUp):\n        self.driver = setUp\n        self.driver.get(self.baseURL)\n        self.driver.maximize_window()\n        self.driver.implicitly_wait(10)\n        self.hp = HomePage(self.driver)\n        self.hp.clickMyAccount()\n        self.hp.clickRegister()\n        self.repage = AccountRegistrationPage(self.driver)\n        self.repage.setFirstName(\"John\")\n        time.sleep(5)\n        self.repage.setLastName(\"Canedy\")\n        self.repage.setEmail(self.email+\"@gmail.com\")\n        self.repage.setTelephone(\"656667777\")\n        self.repage.setPassword(\"ReadConfig.get('password')\")\n        time.sleep(5)\n        self.repage.setConfirmPassword(\"ReadConfig.get('password')\")\n        time.sleep(2)\n        self.repage.setPrivacyPolicy()\n        self.repage.clickContinue()\n        time.sleep(2)\n        self.confmsg  = self.repage.getconfirmationmsg()\n        print(self.confmsg)\n        time.sleep(2)\n        print(\"-----------------------------------------------------------------------------------------------------------------\")\n        if self.confmsg   == \"Your Account Has Been Created!\":\n            assert   True\n        else:\n            assert   False\n        self.driver.get(self.baseURL)\n        self.driver.maximize_window()\n        self.driver.implicitly_wait(10)\n        self.hp = HomePage(self.driver)\n        self.hp.clickMyAccount()\n>       self.hp.clickLogin()\n\ntest_004_End_To_End_Flow.py:51: \n_ _ _ _ _ _ _ _ _ _ _ _ _ _ _ _ _ _ _ _ _ _ _ _ _ _ _ _ _ _ _ _ _ _ _ _ _ _ _ _ _ _ _ _ _ _ _ _ _ _ _ _ _ _ _ _ _ _ _ _ _ _ _ _ _ _ _ _ _ _ _ _ _ _ _ _ _ _ _ _ _ _ _ _ _ _ _ _ _ _ _ _ _ _ _ _ _ _ _ _ _ _ _ _ _ _ _ _ _ _ _ _ _ _ _ _ _ _ _ _ _ _ _ _ _ _ _ _\n..\\pageObjects\\HomePage.py:18: in clickLogin\n    self.driver.find_element(By.LINK_TEXT,self.lnk_login_linktext).click()\n    ^^^^^^^^^^^^^^^^^^^^^^^^^^^^^^^^^^^^^^^^^^^^^^^^^^^^^^^^^^^^^^\n..\\virtualenv\\Lib\\site-packages\\selenium\\webdriver\\support\\event_firing_webdriver.py:107: in find_element\n    return self._dispatch(\"find\", (by, value, self._driver), \"find_element\", (by, value))\n           ^^^^^^^^^^^^^^^^^^^^^^^^^^^^^^^^^^^^^^^^^^^^^^^^^^^^^^^^^^^^^^^^^^^^^^^^^^^^^^\n..\\virtualenv\\Lib\\site-packages\\selenium\\webdriver\\support\\event_firing_webdriver.py:115: in _dispatch\n    result = getattr(self._driver, d_call)(*d_args)\n             ^^^^^^^^^^^^^^^^^^^^^^^^^^^^^^^^^^^^^^\n..\\virtualenv\\Lib\\site-packages\\selenium\\webdriver\\remote\\webdriver.py:802: in find_element\n    return self.execute(Command.FIND_ELEMENT, {\"using\": by, \"value\": value})[\"value\"]\n           ^^^^^^^^^^^^^^^^^^^^^^^^^^^^^^^^^^^^^^^^^^^^^^^^^^^^^^^^^^^^^^^^^\n..\\virtualenv\\Lib\\site-packages\\selenium\\webdriver\\remote\\webdriver.py:432: in execute\n    self.error_handler.check_response(response)\n_ _ _ _ _ _ _ _ _ _ _ _ _ _ _ _ _ _ _ _ _ _ _ _ _ _ _ _ _ _ _ _ _ _ _ _ _ _ _ _ _ _ _ _ _ _ _ _ _ _ _ _ _ _ _ _ _ _ _ _ _ _ _ _ _ _ _ _ _ _ _ _ _ _ _ _ _ _ _ _ _ _ _ _ _ _ _ _ _ _ _ _ _ _ _ _ _ _ _ _ _ _ _ _ _ _ _ _ _ _ _ _ _ _ _ _ _ _ _ _ _ _ _ _ _ _ _ _\n\nself = <selenium.webdriver.remote.errorhandler.ErrorHandler object at 0x00000201D4991250>\nresponse = {'status': 404, 'value': '{\"value\":{\"error\":\"no such element\",\"message\":\"no such element: Unable to locate element: {\\...ff62d04ed8c\\\\n\\\\t0x7ff62d032004\\\\n\\\\t0x7ff62d0321b5\\\\n\\\\t0x7ff62d017ee2\\\\n\\\\t0x7ff9dcd6e8d7\\\\n\\\\t0x7ff9deb2c53c\\\\n\"}}'}\n\n    def check_response(self, response: dict[str, Any]) -> None:\n        \"\"\"Check that a JSON response from the WebDriver does not have an error.\n    \n        Args:\n            response: The JSON response from the WebDriver server as a dictionary\n                object.\n    \n        Raises:\n            WebDriverException: If the response contains an error message.\n        \"\"\"\n        status = response.get(\"status\", None)\n        if not status or status == ErrorCode.SUCCESS:\n            return\n        value = None\n        message = response.get(\"message\", \"\")\n        screen: str = response.get(\"screen\", \"\")\n        stacktrace = None\n        if isinstance(status, int):\n            value_json = response.get(\"value\", None)\n            if value_json and isinstance(value_json, str):\n                try:\n                    value = json.loads(value_json)\n                    if isinstance(value, dict):\n                        if len(value) == 1:\n                            value = value[\"value\"]\n                        status = value.get(\"error\", None)\n                        if not status:\n                            status = value.get(\"status\", ErrorCode.UNKNOWN_ERROR)\n                            message = value.get(\"value\") or value.get(\"message\")\n                            if not isinstance(message, str):\n                                value = message\n                                message = message.get(\"message\") if isinstance(message, dict) else None\n                        else:\n                            message = value.get(\"message\", None)\n                except ValueError:\n                    pass\n    \n        exception_class: type[WebDriverException]\n        e = ErrorCode()\n        error_codes = [item for item in dir(e) if not item.startswith(\"__\")]\n        for error_code in error_codes:\n            error_info = getattr(ErrorCode, error_code)\n            if isinstance(error_info, list) and status in error_info:\n                exception_class = getattr(ExceptionMapping, error_code, WebDriverException)\n                break\n        else:\n            exception_class = WebDriverException\n    \n        if not value:\n            value = response[\"value\"]\n        if isinstance(value, str):\n            raise exception_class(value)\n        if message == \"\" and \"message\" in value:\n            message = value[\"message\"]\n    \n        screen = None  # type: ignore[assignment]\n        if \"screen\" in value:\n            screen = value[\"screen\"]\n    \n        stacktrace = None\n        st_value = value.get(\"stackTrace\") or value.get(\"stacktrace\")\n        if st_value:\n            if isinstance(st_value, str):\n                stacktrace = st_value.split(\"\\n\")\n            else:\n                stacktrace = []\n                try:\n                    for frame in st_value:\n                        line = frame.get(\"lineNumber\", \"\")\n                        file = frame.get(\"fileName\", \"<anonymous>\")\n                        if line:\n                            file = f\"{file}:{line}\"\n                        meth = frame.get(\"methodName\", \"<anonymous>\")\n                        if \"className\" in frame:\n                            meth = f\"{frame['className']}.{meth}\"\n                        msg = \"    at %s (%s)\"\n                        msg = msg % (meth, file)\n                        stacktrace.append(msg)\n                except TypeError:\n                    pass\n        if exception_class == UnexpectedAlertPresentException:\n            alert_text = None\n            if \"data\" in value:\n                alert_text = value[\"data\"].get(\"text\")\n            elif \"alert\" in value:\n                alert_text = value[\"alert\"].get(\"text\")\n            raise exception_class(message, screen, stacktrace, alert_text)  # type: ignore[call-arg]  # mypy is not smart enough here\n>       raise exception_class(message, screen, stacktrace)\nE       selenium.common.exceptions.NoSuchElementException: Message: no such element: Unable to locate element: {\"method\":\"link text\",\"selector\":\"Login\"}\nE         (Session info: chrome=143.0.7499.170); For documentation on this error, please visit: https://www.selenium.dev/documentation/webdriver/troubleshooting/errors#nosuchelementexception\nE       Stacktrace:\nE       Symbols not available. Dumping unresolved backtrace:\nE       \t0x7ff62d0288e5\nE       \t0x7ff62d028940\nE       \t0x7ff62ce0165d\nE       \t0x7ff62ce59a33\nE       \t0x7ff62ce59d3c\nE       \t0x7ff62ceadf67\nE       \t0x7ff62ceaac97\nE       \t0x7ff62ce4ac29\nE       \t0x7ff62ce4ba93\nE       \t0x7ff62d340640\nE       \t0x7ff62d33af80\nE       \t0x7ff62d3596e6\nE       \t0x7ff62d045de4\nE       \t0x7ff62d04ed8c\nE       \t0x7ff62d032004\nE       \t0x7ff62d0321b5\nE       \t0x7ff62d017ee2\nE       \t0x7ff9dcd6e8d7\nE       \t0x7ff9deb2c53c\n\n..\\virtualenv\\Lib\\site-packages\\selenium\\webdriver\\remote\\errorhandler.py:232: NoSuchElementException","steps":[],"attachments":[{"uid":"a5b6b46e19ef2df6","name":"test_004_End_To_End_Flow","source":"a5b6b46e19ef2df6.png","type":"image/png","size":368318},{"uid":"f9822a2d45317c28","name":"log","source":"f9822a2d45317c28.txt","type":"text/plain","size":49944}],"parameters":[],"shouldDisplayMessage":true,"attachmentsCount":2,"attachmentStep":false,"stepsCount":0,"hasContent":true},"afterStages":[{"name":"setUp::0","time":{"start":1767617918786,"stop":1767617921352,"duration":2566},"status":"passed","steps":[],"attachments":[],"parameters":[],"shouldDisplayMessage":false,"attachmentsCount":0,"attachmentStep":false,"stepsCount":0,"hasContent":false},{"name":"log_test_start_end::0","time":{"start":1767617921353,"stop":1767617921354,"duration":1},"status":"passed","steps":[],"attachments":[],"parameters":[],"shouldDisplayMessage":false,"attachmentsCount":0,"attachmentStep":false,"stepsCount":0,"hasContent":false}],"labels":[{"name":"tag","value":"sanity"},{"name":"tag","value":"regression"},{"name":"suite","value":"test_004_End_To_End_Flow"},{"name":"subSuite","value":"Test_Login"},{"name":"host","value":"LAPTOP-OK4R6O5L"},{"name":"thread","value":"6840-MainThread"},{"name":"framework","value":"pytest"},{"name":"language","value":"cpython3"},{"name":"package","value":"test_004_End_To_End_Flow"},{"name":"resultFormat","value":"allure2"}],"parameters":[],"links":[],"hidden":true,"retry":true,"extra":{"categories":[],"tags":["regression","sanity"]},"source":"40926b5b0b999980.json","parameterValues":[]}