{"uid":"b5bcfb2f1586f19f","name":"test_004_End_To_End_Flow","fullName":"test_004_End_To_End_Flow.Test_Login#test_004_End_To_End_Flow","historyId":"6a28d604c169e296e0f83892ec95e374","time":{"start":1767690755519,"stop":1767690828045,"duration":72526},"status":"passed","flaky":false,"newFailed":false,"newBroken":false,"newPassed":false,"retriesCount":6,"retriesStatusChange":true,"beforeStages":[{"name":"_session_faker","time":{"start":1767690753102,"stop":1767690753104,"duration":2},"status":"passed","steps":[],"attachments":[],"parameters":[],"shouldDisplayMessage":false,"attachmentsCount":0,"attachmentStep":false,"stepsCount":0,"hasContent":false},{"name":"setUp","time":{"start":1767690753104,"stop":1767690755518,"duration":2414},"status":"passed","steps":[],"attachments":[],"parameters":[],"shouldDisplayMessage":false,"attachmentsCount":0,"attachmentStep":false,"stepsCount":0,"hasContent":false},{"name":"log_test_start_end","time":{"start":1767690753104,"stop":1767690753104,"duration":0},"status":"passed","steps":[],"attachments":[],"parameters":[],"shouldDisplayMessage":false,"attachmentsCount":0,"attachmentStep":false,"stepsCount":0,"hasContent":false}],"testStage":{"status":"passed","steps":[],"attachments":[{"uid":"ec73efcc41fef4f2","name":"log","source":"ec73efcc41fef4f2.txt","type":"text/plain","size":72026}],"parameters":[],"shouldDisplayMessage":false,"attachmentsCount":1,"attachmentStep":false,"stepsCount":0,"hasContent":true},"afterStages":[{"name":"setUp::0","time":{"start":1767690828047,"stop":1767690830554,"duration":2507},"status":"passed","steps":[],"attachments":[],"parameters":[],"shouldDisplayMessage":false,"attachmentsCount":0,"attachmentStep":false,"stepsCount":0,"hasContent":false},{"name":"log_test_start_end::0","time":{"start":1767690830556,"stop":1767690830556,"duration":0},"status":"passed","steps":[],"attachments":[],"parameters":[],"shouldDisplayMessage":false,"attachmentsCount":0,"attachmentStep":false,"stepsCount":0,"hasContent":false}],"labels":[{"name":"tag","value":"sanity"},{"name":"tag","value":"regression"},{"name":"suite","value":"test_004_End_To_End_Flow"},{"name":"subSuite","value":"Test_Login"},{"name":"host","value":"LAPTOP-OK4R6O5L"},{"name":"thread","value":"16456-MainThread"},{"name":"framework","value":"pytest"},{"name":"language","value":"cpython3"},{"name":"package","value":"test_004_End_To_End_Flow"},{"name":"resultFormat","value":"allure2"}],"parameters":[],"links":[],"hidden":false,"retry":false,"extra":{"severity":"normal","retries":[{"uid":"80d27b10a310948f","status":"passed","time":{"start":1767622077882,"stop":1767622145475,"duration":67593}},{"uid":"162851cda6ab8b5","status":"failed","statusDetails":"AssertionError: assert False","time":{"start":1767621965521,"stop":1767622022455,"duration":56934}},{"uid":"67a88d09e1ee6cf1","status":"failed","statusDetails":"AssertionError: Logout failed or did not return to home page\nassert False\n +  where False = isHomePageExists()\n +    where isHomePageExists = <pageObjects.HomePage.HomePage object at 0x000002CEEC5ED610>.isHomePageExists\n +      where <pageObjects.HomePage.HomePage object at 0x000002CEEC5ED610> = <testCases.test_004_End_To_End_Flow.Test_Login object at 0x000002CEEC5C88D0>.hp","time":{"start":1767621569363,"stop":1767621590051,"duration":20688}},{"uid":"173760f9f17ac5db","status":"failed","statusDetails":"AssertionError: Logout failed or did not return to home page\nassert False\n +  where False = isHomePageExists()\n +    where isHomePageExists = <pageObjects.HomePage.HomePage object at 0x00000240261E5A90>.isHomePageExists\n +      where <pageObjects.HomePage.HomePage object at 0x00000240261E5A90> = <testCases.test_004_End_To_End_Flow.Test_Login object at 0x00000240261B9010>.hp","time":{"start":1767621464306,"stop":1767621485514,"duration":21208}},{"uid":"8e455470af85929","status":"broken","statusDetails":"AttributeError: 'HomePage' object has no attribute 'clickLogout'","time":{"start":1767621295308,"stop":1767621315785,"duration":20477}},{"uid":"40926b5b0b999980","status":"broken","statusDetails":"selenium.common.exceptions.NoSuchElementException: Message: no such element: Unable to locate element: {\"method\":\"link text\",\"selector\":\"Login\"}\n  (Session info: chrome=143.0.7499.170); For documentation on this error, please visit: https://www.selenium.dev/documentation/webdriver/troubleshooting/errors#nosuchelementexception\nStacktrace:\nSymbols not available. Dumping unresolved backtrace:\n\t0x7ff62d0288e5\n\t0x7ff62d028940\n\t0x7ff62ce0165d\n\t0x7ff62ce59a33\n\t0x7ff62ce59d3c\n\t0x7ff62ceadf67\n\t0x7ff62ceaac97\n\t0x7ff62ce4ac29\n\t0x7ff62ce4ba93\n\t0x7ff62d340640\n\t0x7ff62d33af80\n\t0x7ff62d3596e6\n\t0x7ff62d045de4\n\t0x7ff62d04ed8c\n\t0x7ff62d032004\n\t0x7ff62d0321b5\n\t0x7ff62d017ee2\n\t0x7ff9dcd6e8d7\n\t0x7ff9deb2c53c","time":{"start":1767617888186,"stop":1767617918266,"duration":30080}}],"categories":[],"tags":["regression","sanity"]},"source":"b5bcfb2f1586f19f.json","parameterValues":[]}